mode: set
jalar/notionAutomator/cmd/api/main.go:7.13,9.2 1 0
jalar/notionAutomator/packages/logging/log.go:18.35,20.2 1 1
jalar/notionAutomator/packages/logging/log.go:22.34,24.2 1 1
jalar/notionAutomator/packages/logging/log.go:26.34,28.2 1 1
jalar/notionAutomator/packages/logging/log.go:29.35,31.2 1 1
jalar/notionAutomator/packages/logging/log.go:33.36,35.2 1 1
jalar/notionAutomator/packages/logging/log.go:37.35,39.2 1 1
jalar/notionAutomator/packages/logging/log.go:41.35,43.2 1 1
jalar/notionAutomator/packages/logging/log.go:45.36,47.2 1 1
jalar/notionAutomator/packages/logging/log_utils.go:11.49,15.2 1 1
jalar/notionAutomator/packages/logging/log_utils.go:17.50,20.2 1 1
jalar/notionAutomator/packages/logging/log_utils.go:22.13,24.16 2 1
jalar/notionAutomator/packages/logging/log_utils.go:24.16,27.3 2 1
jalar/notionAutomator/packages/logging/log_utils.go:29.2,31.3 1 0
